This is part of the UMGCC FCSS automated instrument QC proccess. It runs automatically at 10 AM, taking about a minute. Please ignore, the window will close on its own once files are copied. Thanks!
Already up-to-date

Attaching package: 'dplyr'

The following object is masked from 'package:git2r':

    pull

The following objects are masked from 'package:stats':

    filter, lag

The following objects are masked from 'package:base':

    intersect, setdiff, setequal, union


Attaching package: 'lubridate'

The following objects are masked from 'package:base':

    date, intersect, setdiff, union


Attaching package: 'purrr'

The following objects are masked from 'package:git2r':

    is_empty, when

Error in file(file, "rt") : invalid 'description' argument
Calls: read.csv -> read.table -> file
Execution halted
This is part of the UMGCC FCSS automated instrument QC proccess. It runs automatically at 10 AM, taking about a minute. Please ignore, the window will close on its own once files are copied. Thanks!
Already up-to-date

Attaching package: 'dplyr'

The following object is masked from 'package:git2r':

    pull

The following objects are masked from 'package:stats':

    filter, lag

The following objects are masked from 'package:base':

    intersect, setdiff, setequal, union


Attaching package: 'lubridate'

The following objects are masked from 'package:base':

    date, intersect, setdiff, union


Attaching package: 'purrr'

The following objects are masked from 'package:git2r':

    is_empty, when

Warning message:
All formats failed to parse. No formats found. 
Error in seq.int(0, to0 - from, by) : 'to' must be a finite number
Calls: seq.Date
Execution halted
This is part of the UMGCC FCSS automated instrument QC proccess. It runs automatically at 10 AM, taking about a minute. Please ignore, the window will close on its own once files are copied. Thanks!
Already up-to-date

Attaching package: 'dplyr'

The following object is masked from 'package:git2r':

    pull

The following objects are masked from 'package:stats':

    filter, lag

The following objects are masked from 'package:base':

    intersect, setdiff, setequal, union


Attaching package: 'lubridate'

The following objects are masked from 'package:base':

    date, intersect, setdiff, union


Attaching package: 'purrr'

The following objects are masked from 'package:git2r':

    is_empty, when

Warning message:
All formats failed to parse. No formats found. 
Error in seq.int(0, to0 - from, by) : 'to' must be a finite number
Calls: seq.Date
Execution halted
This is part of the UMGCC FCSS automated instrument QC proccess. It runs automatically at 10 AM, taking about a minute. Please ignore, the window will close on its own once files are copied. Thanks!
Already up-to-date

Attaching package: 'dplyr'

The following object is masked from 'package:git2r':

    pull

The following objects are masked from 'package:stats':

    filter, lag

The following objects are masked from 'package:base':

    intersect, setdiff, setequal, union


Attaching package: 'lubridate'

The following objects are masked from 'package:base':

    date, intersect, setdiff, union


Attaching package: 'purrr'

The following objects are masked from 'package:git2r':

    is_empty, when

[1] TRUE TRUE
[1] TRUE TRUE TRUE TRUE
Warning message:
 230 failed to parse. 
Warning messages:
1: All formats failed to parse. No formats found. 
2: All formats failed to parse. No formats found. 
