This is part of the UMGCC FCSS automated instrument QC proccess. It runs automatically at 10 AM, taking about a minute. Please ignore, the window will close on its own once files are copied. Thanks!
Already up-to-date

Attaching package: 'dplyr'

The following object is masked from 'package:git2r':

    pull

The following objects are masked from 'package:stats':

    filter, lag

The following objects are masked from 'package:base':

    intersect, setdiff, setequal, union


Attaching package: 'lubridate'

The following objects are masked from 'package:base':

    date, intersect, setdiff, union


Attaching package: 'purrr'

The following objects are masked from 'package:git2r':

    is_empty, when

logical(0)
logical(0)
Error in `map()`:
ℹ In index: 1.
Caused by error in `.f()`:
! unused argument (Maintainer = FALSE)
Backtrace:
     ▆
  1. ├─purrr::walk(...)
  2. │ └─purrr::map(.x, .f, ..., .progress = .progress)
  3. │   └─purrr:::map_("list", .x, .f, ..., .progress = .progress)
  4. │     ├─purrr:::with_indexed_errors(...)
  5. │     │ └─base::withCallingHandlers(...)
  6. │     └─purrr:::call_with_cleanup(...)
  7. └─base::.handleSimpleError(...)
  8.   └─purrr (local) h(simpleError(msg, call))
  9.     └─cli::cli_abort(...)
 10.       └─rlang::abort(...)
Execution halted
This is part of the UMGCC FCSS automated instrument QC proccess. It runs automatically at 10 AM, taking about a minute. Please ignore, the window will close on its own once files are copied. Thanks!
Already up-to-date

Attaching package: 'dplyr'

The following object is masked from 'package:git2r':

    pull

The following objects are masked from 'package:stats':

    filter, lag

The following objects are masked from 'package:base':

    intersect, setdiff, setequal, union


Attaching package: 'lubridate'

The following objects are masked from 'package:base':

    date, intersect, setdiff, union


Attaching package: 'purrr'

The following objects are masked from 'package:git2r':

    is_empty, when

logical(0)
logical(0)
No DailyQCFiles files to update with in CS
No fcs files to update with in CS
